src/components/ui/item/ItemSeparator.vue:2:import type { SeparatorProps } from "reka-ui"
src/components/ui/item/ItemSeparator.vue:3:import type { HTMLAttributes } from "vue"
src/components/ui/item/ItemHeader.vue:2:import type { HTMLAttributes } from "vue"
src/components/ui/item/ItemTitle.vue:2:import type { HTMLAttributes } from "vue"
src/components/ui/item/ItemFooter.vue:2:import type { HTMLAttributes } from "vue"
src/components/ui/item/ItemMedia.vue:2:import type { HTMLAttributes } from "vue"
src/components/ui/item/ItemActions.vue:2:import type { HTMLAttributes } from "vue"
src/components/ui/item/ItemDescription.vue:2:import type { HTMLAttributes } from "vue"
src/components/ui/item/ItemGroup.vue:2:import type { HTMLAttributes } from "vue"
src/components/ui/item/ItemContent.vue:2:import type { HTMLAttributes } from "vue"
src/components/ui/item/Item.vue:2:import type { PrimitiveProps } from "reka-ui"
src/components/ui/item/Item.vue:3:import type { HTMLAttributes } from "vue"
src/components/ui/item/Item.vue:5:import { Primitive } from "reka-ui"
src/components/ui/item/index.ts:1:import type { VariantProps } from "class-variance-authority"
src/components/ui/item/index.ts:2:import { cva } from "class-variance-authority"
src/components/ui/tabs/TabsContent.vue:2:import type { TabsContentProps } from "reka-ui"
src/components/ui/tabs/TabsContent.vue:3:import type { HTMLAttributes } from "vue"
src/components/ui/tabs/TabsContent.vue:4:import { reactiveOmit } from "@vueuse/core"
src/components/ui/tabs/TabsContent.vue:5:import { TabsContent } from "reka-ui"
src/components/ui/tabs/TabsList.vue:2:import type { TabsListProps } from "reka-ui"
src/components/ui/tabs/TabsList.vue:3:import type { HTMLAttributes } from "vue"
src/components/ui/tabs/TabsList.vue:4:import { reactiveOmit } from "@vueuse/core"
src/components/ui/tabs/TabsList.vue:5:import { TabsList } from "reka-ui"
src/components/ui/tabs/Tabs.vue:2:import type { TabsRootEmits, TabsRootProps } from "reka-ui"
src/components/ui/tabs/Tabs.vue:3:import type { HTMLAttributes } from "vue"
src/components/ui/tabs/Tabs.vue:4:import { reactiveOmit } from "@vueuse/core"
src/components/ui/tabs/Tabs.vue:5:import { TabsRoot, useForwardPropsEmits } from "reka-ui"
src/components/ui/tabs/TabsTrigger.vue:2:import type { TabsTriggerProps } from "reka-ui"
src/components/ui/tabs/TabsTrigger.vue:3:import type { HTMLAttributes } from "vue"
src/components/ui/tabs/TabsTrigger.vue:4:import { reactiveOmit } from "@vueuse/core"
src/components/ui/tabs/TabsTrigger.vue:5:import { TabsTrigger, useForwardProps } from "reka-ui"
src/components/ui/hover-card/HoverCardContent.vue:2:import type { HoverCardContentProps } from "reka-ui"
src/components/ui/hover-card/HoverCardContent.vue:3:import type { HTMLAttributes } from "vue"
src/components/ui/hover-card/HoverCardContent.vue:4:import { reactiveOmit } from "@vueuse/core"
src/components/ui/hover-card/HoverCardContent.vue:5:import {
src/components/ui/hover-card/HoverCardTrigger.vue:2:import type { HoverCardTriggerProps } from "reka-ui"
src/components/ui/hover-card/HoverCardTrigger.vue:3:import { HoverCardTrigger } from "reka-ui"
src/components/ui/hover-card/HoverCard.vue:2:import type { HoverCardRootEmits, HoverCardRootProps } from "reka-ui"
src/components/ui/hover-card/HoverCard.vue:3:import { HoverCardRoot, useForwardPropsEmits } from "reka-ui"
src/components/ui/sidebar/SidebarSeparator.vue:2:import type { HTMLAttributes } from "vue"
src/components/ui/sidebar/SidebarRail.vue:2:import type { HTMLAttributes } from "vue"
src/components/ui/sidebar/SidebarInput.vue:2:import type { HTMLAttributes } from "vue"
src/components/ui/sidebar/SidebarMenu.vue:2:import type { HTMLAttributes } from "vue"
src/components/ui/sidebar/SidebarContent.vue:2:import type { HTMLAttributes } from "vue"
src/components/ui/sidebar/SidebarProvider.vue:2:import type { HTMLAttributes, Ref } from "vue"
src/components/ui/sidebar/SidebarProvider.vue:3:import { defaultDocument, useEventListener, useMediaQuery, useVModel } from "@vueuse/core"
src/components/ui/sidebar/SidebarProvider.vue:4:import { TooltipProvider } from "reka-ui"
src/components/ui/sidebar/SidebarProvider.vue:5:import { computed, ref } from "vue"
src/components/ui/sidebar/SidebarGroupContent.vue:2:import type { HTMLAttributes } from "vue"
src/components/ui/sidebar/SidebarMenuBadge.vue:2:import type { HTMLAttributes } from "vue"
src/components/ui/sidebar/SidebarHeader.vue:2:import type { HTMLAttributes } from "vue"
src/components/ui/sidebar/SidebarMenuSubButton.vue:2:import type { PrimitiveProps } from "reka-ui"
src/components/ui/sidebar/SidebarMenuSubButton.vue:3:import type { HTMLAttributes } from "vue"
src/components/ui/sidebar/SidebarMenuSubButton.vue:4:import { Primitive } from "reka-ui"
src/components/ui/sidebar/SidebarMenuSubItem.vue:2:import type { HTMLAttributes } from "vue"
src/components/ui/sidebar/SidebarInset.vue:2:import type { HTMLAttributes } from "vue"
src/components/ui/sidebar/SidebarMenuButtonChild.vue:2:import type { PrimitiveProps } from "reka-ui"
src/components/ui/sidebar/SidebarMenuButtonChild.vue:3:import type { HTMLAttributes } from "vue"
src/components/ui/sidebar/SidebarMenuButtonChild.vue:5:import { Primitive } from "reka-ui"
src/components/ui/sidebar/SidebarGroupLabel.vue:2:import type { PrimitiveProps } from "reka-ui"
src/components/ui/sidebar/SidebarGroupLabel.vue:3:import type { HTMLAttributes } from "vue"
src/components/ui/sidebar/SidebarGroupLabel.vue:4:import { Primitive } from "reka-ui"
src/components/ui/sidebar/SidebarGroupAction.vue:2:import type { PrimitiveProps } from "reka-ui"
src/components/ui/sidebar/SidebarGroupAction.vue:3:import type { HTMLAttributes } from "vue"
src/components/ui/sidebar/SidebarGroupAction.vue:4:import { Primitive } from "reka-ui"
src/components/ui/sidebar/SidebarMenuButton.vue:2:import type { Component } from "vue"
src/components/ui/sidebar/SidebarMenuButton.vue:4:import { reactiveOmit } from "@vueuse/core"
src/components/ui/sidebar/SidebarMenuItem.vue:2:import type { HTMLAttributes } from "vue"
src/components/ui/sidebar/SidebarTrigger.vue:2:import type { HTMLAttributes } from "vue"
src/components/ui/sidebar/SidebarTrigger.vue:3:import { PanelLeft } from "lucide-vue-next"
src/components/ui/sidebar/SidebarFooter.vue:2:import type { HTMLAttributes } from "vue"
src/components/ui/sidebar/SidebarGroup.vue:2:import type { HTMLAttributes } from "vue"
src/components/ui/sidebar/SidebarMenuSub.vue:2:import type { HTMLAttributes } from "vue"
src/components/ui/sidebar/SidebarMenuAction.vue:2:import type { PrimitiveProps } from "reka-ui"
src/components/ui/sidebar/SidebarMenuAction.vue:3:import type { HTMLAttributes } from "vue"
src/components/ui/sidebar/SidebarMenuAction.vue:4:import { Primitive } from "reka-ui"
src/components/ui/sidebar/SidebarMenuSkeleton.vue:2:import type { HTMLAttributes } from "vue"
src/components/ui/sidebar/SidebarMenuSkeleton.vue:3:import { computed } from "vue"
src/components/ui/sidebar/utils.ts:1:import type { ComputedRef, Ref } from "vue"
src/components/ui/sidebar/utils.ts:2:import { createContext } from "reka-ui"







grep -R "^import " -n src/components/ui \
  | grep -vE "(from ['\"](\.|@/))" \
  | head -n 80


Something went wrong. Please check the error below for more details.
If the problem persists, please open an issue on GitHub.

request to https://ui.shadcn.com/r/config.json failed, reason: getaddrinfo EAI_AGAIN ui.shadcn.com
